<?xml version="1.0" encoding="UTF-8"?>
<testng-results ignored="0" total="1" passed="1" failed="0" skipped="0">
  <reporter-output>
  </reporter-output>
  <suite started-at="2022-02-07T16:39:13 IST" name="Default suite" finished-at="2022-02-07T16:39:16 IST" duration-ms="3390">
    <groups>
    </groups>
    <test started-at="2022-02-07T16:39:13 IST" name="Default test" finished-at="2022-02-07T16:39:16 IST" duration-ms="3390">
      <class name="testScripts.PutRequestSample">
        <test-method signature="deleteUser()[pri:0, instance:testScripts.PutRequestSample@62230c58]" started-at="2022-02-07T16:39:13 IST" name="deleteUser" finished-at="2022-02-07T16:39:16 IST" duration-ms="3354" status="PASS">
          <reporter-output>
          </reporter-output>
        </test-method> <!-- deleteUser -->
      </class> <!-- testScripts.PutRequestSample -->
    </test> <!-- Default test -->
  </suite> <!-- Default suite -->
</testng-results>
